Arguments: 
  /usr/local/Cellar/node/10.10.0/bin/node /usr/local/Cellar/yarn/1.9.4/libexec/bin/yarn.js test

PATH: 
  /usr/local/bin:/usr/bin:/bin:/usr/sbin:/sbin

Yarn version: 
  1.9.4

Node version: 
  10.10.0

Platform: 
  darwin x64

Trace: 
  SyntaxError: /Users/charaf/Desktop/oopdata/oopfarm/package.json: Unexpected token { in JSON at position 135
      at JSON.parse (<anonymous>)
      at /usr/local/Cellar/yarn/1.9.4/libexec/lib/cli.js:1130:59
      at Generator.next (<anonymous>)
      at step (/usr/local/Cellar/yarn/1.9.4/libexec/lib/cli.js:92:30)
      at /usr/local/Cellar/yarn/1.9.4/libexec/lib/cli.js:103:13

npm manifest: 
  {
    "name": "oopfarm",
    "version": "1.0.0",
    "main": "index.js",
    "license": "MIT",
    "dependencies": {
      "test": "^0.6.0"
    }
  }
  
  {
    "name": "oop-farm",
    /* ... */
    "scripts": {
      "test": "jest"
    },
    /* ... */
  }

yarn manifest: 
  No manifest

Lockfile: 
  # THIS IS AN AUTOGENERATED FILE. DO NOT EDIT THIS FILE DIRECTLY.
  # yarn lockfile v1
  
  
  ansi-font@0.0.2:
    version "0.0.2"
    resolved "https://registry.yarnpkg.com/ansi-font/-/ansi-font-0.0.2.tgz#890301bd5841462fd39c0b7709afd1f525143331"
  
  test@^0.6.0:
    version "0.6.0"
    resolved "https://registry.yarnpkg.com/test/-/test-0.6.0.tgz#5986ac445ec17754322512d104ba32c8a63e938e"
    dependencies:
      ansi-font "0.0.2"
